{"numTotalTestSuites":32,"numPassedTestSuites":32,"numFailedTestSuites":0,"numPendingTestSuites":0,"numTotalTests":126,"numPassedTests":125,"numFailedTests":1,"numPendingTests":0,"numTodoTests":0,"startTime":1774093260577,"success":false,"testResults":[{"assertionResults":[{"ancestorTitles":["","signed()"],"fullName":" signed() +","status":"passed","title":"+","duration":3,"failureMessages":[]},{"ancestorTitles":["","signed()"],"fullName":" signed() -","status":"passed","title":"-","duration":1,"failureMessages":[]},{"ancestorTitles":["","signed()"],"fullName":" signed() 0","status":"passed","title":"0","duration":0,"failureMessages":[]},{"ancestorTitles":["","formatCurrency()"],"fullName":" formatCurrency() positive","status":"passed","title":"positive","duration":103,"failureMessages":[]},{"ancestorTitles":["","formatCurrency()"],"fullName":" formatCurrency() negative","status":"passed","title":"negative","duration":1,"failureMessages":[]},{"ancestorTitles":["","formatCurrency()"],"fullName":" formatCurrency() undefined","status":"passed","title":"undefined","duration":0,"failureMessages":[]},{"ancestorTitles":["","oddsToDecimal()"],"fullName":" oddsToDecimal() -110","status":"passed","title":"-110","duration":1,"failureMessages":[]},{"ancestorTitles":["","oddsToDecimal()"],"fullName":" oddsToDecimal() +150","status":"passed","title":"+150","duration":1,"failureMessages":[]},{"ancestorTitles":["","oddsToDecimal()"],"fullName":" oddsToDecimal() -200","status":"passed","title":"-200","duration":0,"failureMessages":[]},{"ancestorTitles":["","oddsToDecimal()"],"fullName":" oddsToDecimal() 0 → 1 (zero-div)","status":"passed","title":"0 → 1 (zero-div)","duration":1,"failureMessages":[]},{"ancestorTitles":["","oddsToDecimal()"],"fullName":" oddsToDecimal() NaN → 1","status":"passed","title":"NaN → 1","duration":0,"failureMessages":[]},{"ancestorTitles":["","oddsToImplied()"],"fullName":" oddsToImplied() -110 → 0.5238","status":"passed","title":"-110 → 0.5238","duration":1,"failureMessages":[]},{"ancestorTitles":["","oddsToImplied()"],"fullName":" oddsToImplied() +100 → 0.5","status":"passed","title":"+100 → 0.5","duration":0,"failureMessages":[]},{"ancestorTitles":["","oddsToImplied()"],"fullName":" oddsToImplied() always 0-1","status":"passed","title":"always 0-1","duration":0,"failureMessages":[]},{"ancestorTitles":["","breakEven()"],"fullName":" breakEven() -110 → ~52.38%","status":"passed","title":"-110 → ~52.38%","duration":0,"failureMessages":[]},{"ancestorTitles":["","breakEven()"],"fullName":" breakEven() +100 → 50%","status":"passed","title":"+100 → 50%","duration":0,"failureMessages":[]},{"ancestorTitles":["","breakEven()"],"fullName":" breakEven() matches constant","status":"passed","title":"matches constant","duration":0,"failureMessages":[]},{"ancestorTitles":["","calcROI(totalPL, totalStaked)"],"fullName":" calcROI(totalPL, totalStaked) 50/200 = 25%","status":"passed","title":"50/200 = 25%","duration":1,"failureMessages":[]},{"ancestorTitles":["","calcROI(totalPL, totalStaked)"],"fullName":" calcROI(totalPL, totalStaked) -30/100 = -30%","status":"passed","title":"-30/100 = -30%","duration":0,"failureMessages":[]},{"ancestorTitles":["","calcROI(totalPL, totalStaked)"],"fullName":" calcROI(totalPL, totalStaked) zero stake → 0","status":"passed","title":"zero stake → 0","duration":0,"failureMessages":[]},{"ancestorTitles":["","kellyBet(winProb, american, bankroll)"],"fullName":" kellyBet(winProb, american, bankroll) negative edge → 0","status":"passed","title":"negative edge → 0","duration":1,"failureMessages":[]},{"ancestorTitles":["","kellyBet(winProb, american, bankroll)"],"fullName":" kellyBet(winProb, american, bankroll) positive edge → $>0","status":"passed","title":"positive edge → $>0","duration":0,"failureMessages":[]},{"ancestorTitles":["","kellyBet(winProb, american, bankroll)"],"fullName":" kellyBet(winProb, american, bankroll) capped at 25% ($250)","status":"passed","title":"capped at 25% ($250)","duration":0,"failureMessages":[]},{"ancestorTitles":["","kellyBet(winProb, american, bankroll)"],"fullName":" kellyBet(winProb, american, bankroll) zero prob → 0","status":"passed","title":"zero prob → 0","duration":0,"failureMessages":[]},{"ancestorTitles":["","kellyBet(winProb, american, bankroll)"],"fullName":" kellyBet(winProb, american, bankroll) zero bankroll → 0","status":"passed","title":"zero bankroll → 0","duration":1,"failureMessages":[]},{"ancestorTitles":["","kellyBet(winProb, american, bankroll)"],"fullName":" kellyBet(winProb, american, bankroll) returns integer","status":"passed","title":"returns integer","duration":0,"failureMessages":[]},{"ancestorTitles":["","kellyBet(winProb, american, bankroll)"],"fullName":" kellyBet(winProb, american, bankroll) DEFAULT_BANKROLL fallback","status":"passed","title":"DEFAULT_BANKROLL fallback","duration":1,"failureMessages":[]},{"ancestorTitles":["","kellyBet(winProb, american, bankroll)"],"fullName":" kellyBet(winProb, american, bankroll) american=0 (b=0) → 0","status":"passed","title":"american=0 (b=0) → 0","duration":0,"failureMessages":[]},{"ancestorTitles":["","calcPL(stake, odds, result)"],"fullName":" calcPL(stake, odds, result) -110/$100 win → ~90.91","status":"passed","title":"-110/$100 win → ~90.91","duration":0,"failureMessages":[]},{"ancestorTitles":["","calcPL(stake, odds, result)"],"fullName":" calcPL(stake, odds, result) +150/$50 win → 75","status":"passed","title":"+150/$50 win → 75","duration":1,"failureMessages":[]},{"ancestorTitles":["","calcPL(stake, odds, result)"],"fullName":" calcPL(stake, odds, result) +100/$100 win → 100","status":"passed","title":"+100/$100 win → 100","duration":0,"failureMessages":[]},{"ancestorTitles":["","calcPL(stake, odds, result)"],"fullName":" calcPL(stake, odds, result) -200/$100 win → 50","status":"passed","title":"-200/$100 win → 50","duration":0,"failureMessages":[]},{"ancestorTitles":["","calcPL(stake, odds, result)"],"fullName":" calcPL(stake, odds, result) loss → -stake","status":"passed","title":"loss → -stake","duration":0,"failureMessages":[]},{"ancestorTitles":["","calcPL(stake, odds, result)"],"fullName":" calcPL(stake, odds, result) push → 0","status":"passed","title":"push → 0","duration":1,"failureMessages":[]},{"ancestorTitles":["","calcPL(stake, odds, result)"],"fullName":" calcPL(stake, odds, result) pending → 0","status":"passed","title":"pending → 0","duration":0,"failureMessages":[]},{"ancestorTitles":["","calcPL(stake, odds, result)"],"fullName":" calcPL(stake, odds, result) undefined result → 0","status":"passed","title":"undefined result → 0","duration":0,"failureMessages":[]},{"ancestorTitles":["","calcPL(stake, odds, result)"],"fullName":" calcPL(stake, odds, result) zero stake → 0","status":"passed","title":"zero stake → 0","duration":0,"failureMessages":[]},{"ancestorTitles":["","calcPL(stake, odds, result)"],"fullName":" calcPL(stake, odds, result) NaN stake → 0","status":"passed","title":"NaN stake → 0","duration":0,"failureMessages":[]},{"ancestorTitles":["","calcPL(stake, odds, result)"],"fullName":" calcPL(stake, odds, result) string stake parsed","status":"passed","title":"string stake parsed","duration":0,"failureMessages":[]},{"ancestorTitles":["","calcPL(stake, odds, result)"],"fullName":" calcPL(stake, odds, result) win+loss ≈ -vig","status":"passed","title":"win+loss ≈ -vig","duration":1,"failureMessages":[]},{"ancestorTitles":["","netRatingTier()"],"fullName":" netRatingTier() +10 → Elite","status":"passed","title":"+10 → Elite","duration":0,"failureMessages":[]},{"ancestorTitles":["","netRatingTier()"],"fullName":" netRatingTier() +5 → Good","status":"passed","title":"+5 → Good","duration":0,"failureMessages":[]},{"ancestorTitles":["","netRatingTier()"],"fullName":" netRatingTier() 0 → Average","status":"passed","title":"0 → Average","duration":0,"failureMessages":[]},{"ancestorTitles":["","netRatingTier()"],"fullName":" netRatingTier() -5 → Poor","status":"passed","title":"-5 → Poor","duration":1,"failureMessages":[]},{"ancestorTitles":["","edgeLabel()"],"fullName":" edgeLabel() 8+ → high","status":"passed","title":"8+ → high","duration":0,"failureMessages":[]},{"ancestorTitles":["","edgeLabel()"],"fullName":" edgeLabel() 4-7 → mid","status":"passed","title":"4-7 → mid","duration":0,"failureMessages":[]},{"ancestorTitles":["","edgeLabel()"],"fullName":" edgeLabel() <4 → none","status":"passed","title":"<4 → none","duration":0,"failureMessages":[]},{"ancestorTitles":["","edgeLabel()"],"fullName":" edgeLabel() neg → none","status":"passed","title":"neg → none","duration":0,"failureMessages":[]},{"ancestorTitles":["","clamp()"],"fullName":" clamp() in range","status":"passed","title":"in range","duration":1,"failureMessages":[]},{"ancestorTitles":["","clamp()"],"fullName":" clamp() below min","status":"passed","title":"below min","duration":0,"failureMessages":[]},{"ancestorTitles":["","clamp()"],"fullName":" clamp() above max","status":"passed","title":"above max","duration":0,"failureMessages":[]},{"ancestorTitles":["","sum() / avg()"],"fullName":" sum() / avg() sum","status":"passed","title":"sum","duration":0,"failureMessages":[]},{"ancestorTitles":["","sum() / avg()"],"fullName":" sum() / avg() sum empty","status":"passed","title":"sum empty","duration":1,"failureMessages":[]},{"ancestorTitles":["","sum() / avg()"],"fullName":" sum() / avg() avg","status":"passed","title":"avg","duration":0,"failureMessages":[]},{"ancestorTitles":["","sum() / avg()"],"fullName":" sum() / avg() avg empty","status":"passed","title":"avg empty","duration":1,"failureMessages":[]},{"ancestorTitles":["","lsGet / lsSet / lsRemove"],"fullName":" lsGet / lsSet / lsRemove round-trip","status":"passed","title":"round-trip","duration":4,"failureMessages":[]},{"ancestorTitles":["","lsGet / lsSet / lsRemove"],"fullName":" lsGet / lsSet / lsRemove remove → null","status":"passed","title":"remove → null","duration":2,"failureMessages":[]},{"ancestorTitles":["","lsGet / lsSet / lsRemove"],"fullName":" lsGet / lsSet / lsRemove missing → null","status":"passed","title":"missing → null","duration":0,"failureMessages":[]},{"ancestorTitles":["","constants"],"fullName":" constants BET_STORAGE_KEY string","status":"passed","title":"BET_STORAGE_KEY string","duration":1,"failureMessages":[]},{"ancestorTitles":["","constants"],"fullName":" constants BREAK_EVEN_PCT ≈ 52.38","status":"passed","title":"BREAK_EVEN_PCT ≈ 52.38","duration":0,"failureMessages":[]},{"ancestorTitles":["","constants"],"fullName":" constants DEFAULT_BANKROLL > 0","status":"passed","title":"DEFAULT_BANKROLL > 0","duration":0,"failureMessages":[]},{"ancestorTitles":["","currentSeason()"],"fullName":" currentSeason() returns a number > 2020","status":"passed","title":"returns a number > 2020","duration":1,"failureMessages":[]},{"ancestorTitles":["","getUnitSize(bankroll)"],"fullName":" getUnitSize(bankroll) default 1% of bankroll","status":"passed","title":"default 1% of bankroll","duration":1,"failureMessages":[]},{"ancestorTitles":["","getUnitSize(bankroll)"],"fullName":" getUnitSize(bankroll) respects stored unit pct","status":"passed","title":"respects stored unit pct","duration":0,"failureMessages":[]},{"ancestorTitles":["","getUnitSize(bankroll)"],"fullName":" getUnitSize(bankroll) zero bankroll → 0","status":"passed","title":"zero bankroll → 0","duration":1,"failureMessages":[]},{"ancestorTitles":["","getUnitSize(bankroll)"],"fullName":" getUnitSize(bankroll) large bankroll scales correctly","status":"passed","title":"large bankroll scales correctly","duration":0,"failureMessages":[]},{"ancestorTitles":["","getUnitSize(bankroll)"],"fullName":" getUnitSize(bankroll) matches DEFAULT_UNIT_PCT when nothing stored","status":"passed","title":"matches DEFAULT_UNIT_PCT when nothing stored","duration":1,"failureMessages":[]},{"ancestorTitles":["","stakeToUnits(stake, unitSize)"],"fullName":" stakeToUnits(stake, unitSize) $50 stake / $10 unit = 5u","status":"passed","title":"$50 stake / $10 unit = 5u","duration":0,"failureMessages":[]},{"ancestorTitles":["","stakeToUnits(stake, unitSize)"],"fullName":" stakeToUnits(stake, unitSize) $25 stake / $10 unit = 2.5u","status":"passed","title":"$25 stake / $10 unit = 2.5u","duration":0,"failureMessages":[]},{"ancestorTitles":["","stakeToUnits(stake, unitSize)"],"fullName":" stakeToUnits(stake, unitSize) zero unitSize → null","status":"passed","title":"zero unitSize → null","duration":1,"failureMessages":[]},{"ancestorTitles":["","stakeToUnits(stake, unitSize)"],"fullName":" stakeToUnits(stake, unitSize) negative unitSize → null","status":"passed","title":"negative unitSize → null","duration":0,"failureMessages":[]},{"ancestorTitles":["","stakeToUnits(stake, unitSize)"],"fullName":" stakeToUnits(stake, unitSize) zero stake → 0u","status":"passed","title":"zero stake → 0u","duration":0,"failureMessages":[]},{"ancestorTitles":["","stakeToUnits(stake, unitSize)"],"fullName":" stakeToUnits(stake, unitSize) fractional result rounds to 2dp","status":"passed","title":"fractional result rounds to 2dp","duration":1,"failureMessages":[]},{"ancestorTitles":["","unitsToDollars(units, unitSize)"],"fullName":" unitsToDollars(units, unitSize) 3u * $10 = $30","status":"passed","title":"3u * $10 = $30","duration":0,"failureMessages":[]},{"ancestorTitles":["","unitsToDollars(units, unitSize)"],"fullName":" unitsToDollars(units, unitSize) 2.5u * $20 = $50","status":"passed","title":"2.5u * $20 = $50","duration":0,"failureMessages":[]},{"ancestorTitles":["","unitsToDollars(units, unitSize)"],"fullName":" unitsToDollars(units, unitSize) 0u → $0","status":"passed","title":"0u → $0","duration":1,"failureMessages":[]},{"ancestorTitles":["","unitsToDollars(units, unitSize)"],"fullName":" unitsToDollars(units, unitSize) inverse of stakeToUnits","status":"passed","title":"inverse of stakeToUnits","duration":0,"failureMessages":[]},{"ancestorTitles":["","plInUnits(pl, unitSize)"],"fullName":" plInUnits(pl, unitSize) +$90.91 / $10 unit ≈ +9.09u","status":"passed","title":"+$90.91 / $10 unit ≈ +9.09u","duration":0,"failureMessages":[]},{"ancestorTitles":["","plInUnits(pl, unitSize)"],"fullName":" plInUnits(pl, unitSize) -$100 / $10 unit = -10u","status":"passed","title":"-$100 / $10 unit = -10u","duration":0,"failureMessages":[]},{"ancestorTitles":["","plInUnits(pl, unitSize)"],"fullName":" plInUnits(pl, unitSize) zero pl → 0u","status":"passed","title":"zero pl → 0u","duration":0,"failureMessages":[]},{"ancestorTitles":["","plInUnits(pl, unitSize)"],"fullName":" plInUnits(pl, unitSize) zero unitSize → null","status":"passed","title":"zero unitSize → null","duration":0,"failureMessages":[]},{"ancestorTitles":["","plInUnits(pl, unitSize)"],"fullName":" plInUnits(pl, unitSize) negative unitSize → null","status":"passed","title":"negative unitSize → null","duration":1,"failureMessages":[]},{"ancestorTitles":["","plInUnits(pl, unitSize)"],"fullName":" plInUnits(pl, unitSize) consistent with calcPL win","status":"passed","title":"consistent with calcPL win","duration":0,"failureMessages":[]},{"ancestorTitles":["","Parlay combined odds math (via oddsToDecimal)"],"fullName":" Parlay combined odds math (via oddsToDecimal) 2-leg parlay: -110/-110 ≈ +260","status":"passed","title":"2-leg parlay: -110/-110 ≈ +260","duration":1,"failureMessages":[]},{"ancestorTitles":["","Parlay combined odds math (via oddsToDecimal)"],"fullName":" Parlay combined odds math (via oddsToDecimal) 3-leg parlay: +150/+150/+150 ≈ +728","status":"passed","title":"3-leg parlay: +150/+150/+150 ≈ +728","duration":0,"failureMessages":[]},{"ancestorTitles":["","Parlay combined odds math (via oddsToDecimal)"],"fullName":" Parlay combined odds math (via oddsToDecimal) single leg: -110 → same as oddsToDecimal","status":"passed","title":"single leg: -110 → same as oddsToDecimal","duration":0,"failureMessages":[]},{"ancestorTitles":["","Parlay combined odds math (via oddsToDecimal)"],"fullName":" Parlay combined odds math (via oddsToDecimal) leg with odds=0 contributes decimal=1 (no multiplier effect)","status":"passed","title":"leg with odds=0 contributes decimal=1 (no multiplier effect)","duration":1,"failureMessages":[]},{"ancestorTitles":["","Parlay combined odds math (via oddsToDecimal)"],"fullName":" Parlay combined odds math (via oddsToDecimal) all favourite legs produce higher implied probability","status":"passed","title":"all favourite legs produce higher implied probability","duration":0,"failureMessages":[]},{"ancestorTitles":["","Prop history hit rate math"],"fullName":" Prop history hit rate math 7/10 over → 0.7 hit rate","status":"failed","title":"7/10 over → 0.7 hit rate","duration":25,"failureMessages":["expected 0.8 to be close to 0.7, received difference is 0.10000000000000009, but expected 0.05"],"location":{"line":291,"column":40}},{"ancestorTitles":["","Prop history hit rate math"],"fullName":" Prop history hit rate math 0/5 over → 0 hit rate","status":"passed","title":"0/5 over → 0 hit rate","duration":0,"failureMessages":[]},{"ancestorTitles":["","Prop history hit rate math"],"fullName":" Prop history hit rate math 5/5 over → 1.0 hit rate","status":"passed","title":"5/5 over → 1.0 hit rate","duration":0,"failureMessages":[]},{"ancestorTitles":["","Prop history hit rate math"],"fullName":" Prop history hit rate math empty array → null","status":"passed","title":"empty array → null","duration":1,"failureMessages":[]},{"ancestorTitles":["","Prop history hit rate math"],"fullName":" Prop history hit rate math avg computes correctly","status":"passed","title":"avg computes correctly","duration":0,"failureMessages":[]},{"ancestorTitles":["","Prop history hit rate math"],"fullName":" Prop history hit rate math last5Avg uses only last 5 elements","status":"passed","title":"last5Avg uses only last 5 elements","duration":0,"failureMessages":[]},{"ancestorTitles":["","Prop history hit rate math"],"fullName":" Prop history hit rate math line exactly equal to value is NOT a hit (over means strictly greater)","status":"passed","title":"line exactly equal to value is NOT a hit (over means strictly greater)","duration":1,"failureMessages":[]},{"ancestorTitles":["","todayStr()"],"fullName":" todayStr() returns YYYY-MM-DD format","status":"passed","title":"returns YYYY-MM-DD format","duration":19,"failureMessages":[]},{"ancestorTitles":["","todayStr()"],"fullName":" todayStr() year is plausible","status":"passed","title":"year is plausible","duration":0,"failureMessages":[]},{"ancestorTitles":["","todayStr()"],"fullName":" todayStr() month is 01-12","status":"passed","title":"month is 01-12","duration":1,"failureMessages":[]},{"ancestorTitles":["","todayStr()"],"fullName":" todayStr() day is 01-31","status":"passed","title":"day is 01-31","duration":1,"failureMessages":[]},{"ancestorTitles":["","formatShortDate(dateStr)"],"fullName":" formatShortDate(dateStr) formats ISO date to readable string","status":"passed","title":"formats ISO date to readable string","duration":2,"failureMessages":[]},{"ancestorTitles":["","formatShortDate(dateStr)"],"fullName":" formatShortDate(dateStr) returns a non-empty string","status":"passed","title":"returns a non-empty string","duration":1,"failureMessages":[]},{"ancestorTitles":["","formatGameTime(isoStr)"],"fullName":" formatGameTime(isoStr) returns string containing ET","status":"passed","title":"returns string containing ET","duration":1,"failureMessages":[]},{"ancestorTitles":["","formatGameTime(isoStr)"],"fullName":" formatGameTime(isoStr) falls back gracefully on bad input","status":"passed","title":"falls back gracefully on bad input","duration":1,"failureMessages":[]},{"ancestorTitles":["","formatPct()"],"fullName":" formatPct() 0.75 → '75.0%'","status":"passed","title":"0.75 → '75.0%'","duration":0,"failureMessages":[]},{"ancestorTitles":["","formatPct()"],"fullName":" formatPct() 50 → '50.0%'","status":"passed","title":"50 → '50.0%'","duration":1,"failureMessages":[]},{"ancestorTitles":["","formatPct()"],"fullName":" formatPct() null → '0.0%'","status":"passed","title":"null → '0.0%'","duration":0,"failureMessages":[]},{"ancestorTitles":["","formatPct()"],"fullName":" formatPct() 2 decimals","status":"passed","title":"2 decimals","duration":0,"failureMessages":[]},{"ancestorTitles":["","compactNumber()"],"fullName":" compactNumber() 999 → '999'","status":"passed","title":"999 → '999'","duration":0,"failureMessages":[]},{"ancestorTitles":["","compactNumber()"],"fullName":" compactNumber() 1000 → '1.0K'","status":"passed","title":"1000 → '1.0K'","duration":0,"failureMessages":[]},{"ancestorTitles":["","compactNumber()"],"fullName":" compactNumber() 1500000 → '1.5M'","status":"passed","title":"1500000 → '1.5M'","duration":1,"failureMessages":[]},{"ancestorTitles":["","compactNumber()"],"fullName":" compactNumber() 0 → '0'","status":"passed","title":"0 → '0'","duration":1,"failureMessages":[]},{"ancestorTitles":["","impliedToOdds()"],"fullName":" impliedToOdds() 0.5 → +100","status":"passed","title":"0.5 → +100","duration":0,"failureMessages":[]},{"ancestorTitles":["","impliedToOdds()"],"fullName":" impliedToOdds() 0.5238 → approx -110","status":"passed","title":"0.5238 → approx -110","duration":0,"failureMessages":[]},{"ancestorTitles":["","impliedToOdds()"],"fullName":" impliedToOdds() 0 → '—'","status":"passed","title":"0 → '—'","duration":1,"failureMessages":[]},{"ancestorTitles":["","impliedToOdds()"],"fullName":" impliedToOdds() 1 → '—'","status":"passed","title":"1 → '—'","duration":0,"failureMessages":[]},{"ancestorTitles":["","impliedToOdds()"],"fullName":" impliedToOdds() roundtrip -110","status":"passed","title":"roundtrip -110","duration":0,"failureMessages":[]},{"ancestorTitles":["","lerp()"],"fullName":" lerp() t=0 → a","status":"passed","title":"t=0 → a","duration":1,"failureMessages":[]},{"ancestorTitles":["","lerp()"],"fullName":" lerp() t=1 → b","status":"passed","title":"t=1 → b","duration":0,"failureMessages":[]},{"ancestorTitles":["","lerp()"],"fullName":" lerp() t=0.5 → 5","status":"passed","title":"t=0.5 → 5","duration":0,"failureMessages":[]},{"ancestorTitles":["","lerp()"],"fullName":" lerp() clamps t>1","status":"passed","title":"clamps t>1","duration":0,"failureMessages":[]},{"ancestorTitles":["","lerp()"],"fullName":" lerp() clamps t<0","status":"passed","title":"clamps t<0","duration":0,"failureMessages":[]},{"ancestorTitles":["","groupBy()"],"fullName":" groupBy() groups by key","status":"passed","title":"groups by key","duration":1,"failureMessages":[]},{"ancestorTitles":["","groupBy()"],"fullName":" groupBy() empty array → {}","status":"passed","title":"empty array → {}","duration":0,"failureMessages":[]},{"ancestorTitles":["","deepClone()"],"fullName":" deepClone() clones nested objects","status":"passed","title":"clones nested objects","duration":1,"failureMessages":[]},{"ancestorTitles":["","netRatingColor()"],"fullName":" netRatingColor() elite tier has text class","status":"passed","title":"elite tier has text class","duration":0,"failureMessages":[]},{"ancestorTitles":["","netRatingColor()"],"fullName":" netRatingColor() poor tier has text class","status":"passed","title":"poor tier has text class","duration":1,"failureMessages":[]}],"startTime":1774093265381,"endTime":1774093265588,"status":"failed","message":"","name":"C:/Users/Mark Lorenz/Desktop/PlusMinus/src/utils.test.js"}]}
